#
# A fatal error has been detected by the Java Runtime Environment:
#
#  EXCEPTION_STACK_OVERFLOW (0xc00000fd) at pc=0x0000000059bd3a67, pid=15340, tid=0x0000000000002d10
#
# JRE version: Java(TM) SE Runtime Environment (8.0_111-b14) (build 1.8.0_111-b14)
# Java VM: Java HotSpot(TM) 64-Bit Server VM (25.111-b14 mixed mode windows-amd64 compressed oops)
# Problematic frame:
# V  [jvm.dll+0x213a67]
#
# Failed to write core dump. Minidumps are not enabled by default on client versions of Windows
#
# If you would like to submit a bug report, please visit:
#   http://bugreport.java.com/bugreport/crash.jsp
#

---------------  T H R E A D  ---------------

Current thread (0x000000001a748800):  JavaThread "Thread-15" [_thread_in_vm, id=11536, stack(0x0000000019dc0000,0x0000000019ec0000)]

siginfo: ExceptionCode=0xc00000fd, ExceptionInformation=0x0000000000000001 0x0000000019ebd880 

Registers:
RAX=0x0000000019ebd880, RBX=0x0000000000000003, RCX=0x0000000000002000, RDX=0x0000000000000006
RSP=0x0000000019ebf880, RBP=0x0000000000000000, RSI=0x0000000019ebf880, RDI=0x0000000000000003
R8 =0x0000000000000006, R9 =0x000000001a33c900, R10=0x0000000016b5b898, R11=0x0000000019dca148
R12=0x000000001a33c900, R13=0x000000001a748800, R14=0x0000000019ebf948, R15=0x0000000016b5b898
RIP=0x0000000059bd3a67, EFLAGS=0x0000000000010202

Top of Stack: (sp=0x0000000019ebf880)
0x0000000019ebf880:   0000c111bdb718fb 0000000058b24e7e
0x0000000019ebf890:   000000001a748800 000000001a33c900
0x0000000019ebf8a0:   00000000ffffffff 0000000059bd4997
0x0000000019ebf8b0:   0000000019ebf9b0 0000000016b5b898
0x0000000019ebf8c0:   000000001a748800 0000000059a803c3
0x0000000019ebf8d0:   0000000019ebf910 000000001a748800
0x0000000019ebf8e0:   0000000019ebf9a0 000000001a748800
0x0000000019ebf8f0:   0000000016b5b898 000000001a748800
0x0000000019ebf900:   0000000002973200 000000001a748800
0x0000000019ebf910:   0000000016b5b898 000000001a748800
0x0000000019ebf920:   0000000016b5b898 000000001a748800
0x0000000019ebf930:   0000000000000001 0000000016b5b898
0x0000000019ebf940:   000000001a748800 0000000019a4fc70
0x0000000019ebf950:   000000001a748800 0000000059a818ad
0x0000000019ebf960:   0000000019ebfc68 00000001000069a0
0x0000000019ebf970:   00000001000069a0 0000000000000000 

Instructions: (pc=0x0000000059bd3a67)
0x0000000059bd3a47:   48 89 6c 24 30 33 ed 66 90 e8 8b 39 08 00 ff c3
0x0000000059bd3a57:   48 63 c8 48 8b c6 48 0f af cf 48 ff c7 48 2b c1
0x0000000059bd3a67:   89 28 48 63 c3 48 3b 05 65 0c 59 00 7e db 48 8b
0x0000000059bd3a77:   6c 24 30 48 8b 5c 24 38 48 8b 74 24 40 48 83 c4 


Register to memory mapping:

RAX=0x0000000019ebd880 is pointing into the stack for thread: 0x000000001a748800
RBX=0x0000000000000003 is an unknown value
RCX=0x0000000000002000 is an unknown value
RDX=0x0000000000000006 is an unknown value
RSP=0x0000000019ebf880 is pointing into the stack for thread: 0x000000001a748800
RBP=0x0000000000000000 is an unknown value
RSI=0x0000000019ebf880 is pointing into the stack for thread: 0x000000001a748800
RDI=0x0000000000000003 is an unknown value
R8 =0x0000000000000006 is an unknown value
R9 =0x000000001a33c900 is an unknown value
R10={method} {0x0000000016b5b8a0} 'run' '()V' in 'java/lang/Thread'
R11=0x0000000019dca148 is pointing into the stack for thread: 0x000000001a748800
R12=0x000000001a33c900 is an unknown value
R13=0x000000001a748800 is a thread
R14=0x0000000019ebf948 is pointing into the stack for thread: 0x000000001a748800
R15={method} {0x0000000016b5b8a0} 'run' '()V' in 'java/lang/Thread'


Stack: [0x0000000019dc0000,0x0000000019ec0000],  sp=0x0000000019ebf880,  free space=1022k
Native frames: (J=compiled Java code, j=interpreted, Vv=VM code, C=native code)


---------------  P R O C E S S  ---------------

Java Threads: ( => current thread )
=>0x000000001a748800 JavaThread "Thread-15" [_thread_in_vm, id=11536, stack(0x0000000019dc0000,0x0000000019ec0000)]
  0x0000000018e90000 JavaThread "Service Thread" daemon [_thread_blocked, id=13596, stack(0x0000000019250000,0x0000000019350000)]
  0x00000000174e0000 JavaThread "C1 CompilerThread2" daemon [_thread_blocked, id=9252, stack(0x0000000018d50000,0x0000000018e50000)]
  0x00000000174da000 JavaThread "C2 CompilerThread1" daemon [_thread_blocked, id=15076, stack(0x0000000018c50000,0x0000000018d50000)]
  0x00000000174d3000 JavaThread "C2 CompilerThread0" daemon [_thread_blocked, id=9900, stack(0x0000000018b50000,0x0000000018c50000)]
  0x00000000174d1000 JavaThread "Attach Listener" daemon [_thread_blocked, id=9924, stack(0x0000000018a50000,0x0000000018b50000)]
  0x00000000174cf800 JavaThread "Signal Dispatcher" daemon [_thread_blocked, id=14452, stack(0x0000000018950000,0x0000000018a50000)]
  0x00000000174b9800 JavaThread "Finalizer" daemon [_thread_blocked, id=8164, stack(0x0000000018730000,0x0000000018830000)]
  0x0000000002954000 JavaThread "Reference Handler" daemon [_thread_blocked, id=9872, stack(0x0000000018630000,0x0000000018730000)]
  0x0000000002863800 JavaThread "main" [_thread_blocked, id=2384, stack(0x0000000002760000,0x0000000002860000)]

Other Threads:
  0x0000000017497000 VMThread [stack: 0x0000000018530000,0x0000000018630000] [id=13808]
  0x0000000018e99000 WatcherThread [stack: 0x00000000194c0000,0x00000000195c0000] [id=12128]

VM state:not at safepoint (normal execution)

VM Mutex/Monitor currently owned by a thread: None

Heap:
 PSYoungGen      total 38400K, used 9777K [0x00000000d5c00000, 0x00000000d9780000, 0x0000000100000000)
  eden space 33280K, 22% used [0x00000000d5c00000,0x00000000d63483a8,0x00000000d7c80000)
  from space 5120K, 45% used [0x00000000d7c80000,0x00000000d7ec41f0,0x00000000d8180000)
  to   space 5120K, 0% used [0x00000000d8180000,0x00000000d8180000,0x00000000d8680000)
 ParOldGen       total 54272K, used 3253K [0x0000000081400000, 0x0000000084900000, 0x00000000d5c00000)
  object space 54272K, 5% used [0x0000000081400000,0x000000008172d5d0,0x0000000084900000)
 Metaspace       used 18878K, capacity 19632K, committed 19840K, reserved 1069056K
  class space    used 2387K, capacity 2574K, committed 2688K, reserved 1048576K

Card table byte_map: [0x0000000011d20000,0x0000000012120000] byte_map_base: 0x0000000011916000

Marking Bits: (ParMarkBitMap*) 0x000000005a1da6c0
 Begin Bits: [0x00000000127d0000, 0x0000000014780000)
 End Bits:   [0x0000000014780000, 0x0000000016730000)

Polling page: 0x0000000000d80000

CodeCache: size=245760Kb used=5026Kb max_used=5041Kb free=240733Kb
 bounds [0x0000000002960000, 0x0000000002e50000, 0x0000000011960000]
 total_blobs=1906 nmethods=1550 adapters=268
 compilation: enabled

Compilation events (10 events):
Event: 3.087 Thread 0x00000000174e0000 1547       3       org.springframework.asm.ClassReader::readElementValues (88 bytes)
Event: 3.088 Thread 0x00000000174e0000 nmethod 1547 0x0000000002e460d0 code [0x0000000002e462c0, 0x0000000002e46af8]
Event: 3.088 Thread 0x00000000174e0000 1548   !   3       sun.reflect.UTF8::encode (191 bytes)
Event: 3.088 Thread 0x00000000174da000 nmethod 1536 0x0000000002e4a1d0 code [0x0000000002e4a340, 0x0000000002e4a8b8]
Event: 3.088 Thread 0x00000000174e0000 nmethod 1548 0x0000000002e49150 code [0x0000000002e49340, 0x0000000002e49c08]
Event: 3.088 Thread 0x00000000174e0000 1549       1       ch.qos.logback.classic.selector.DefaultContextSelector::getDefaultLoggerContext (5 bytes)
Event: 3.089 Thread 0x00000000174e0000 nmethod 1549 0x0000000002e48e90 code [0x0000000002e48fe0, 0x0000000002e490f0]
Event: 3.090 Thread 0x00000000174e0000 1550       3       sun.reflect.DelegatingMethodAccessorImpl::invoke (10 bytes)
Event: 3.090 Thread 0x00000000174e0000 nmethod 1550 0x0000000002e48a10 code [0x0000000002e48b80, 0x0000000002e48da8]
Event: 3.099 Thread 0x00000000174d3000 nmethod 1529 0x0000000002e4d2d0 code [0x0000000002e4d4e0, 0x0000000002e4e3f0]

GC Heap History (10 events):
Event: 1.764 GC heap before
{Heap before GC invocations=2 (full 0):
 PSYoungGen      total 38400K, used 38286K [0x00000000d5c00000, 0x00000000d8680000, 0x0000000100000000)
  eden space 33280K, 100% used [0x00000000d5c00000,0x00000000d7c80000,0x00000000d7c80000)
  from space 5120K, 97% used [0x00000000d7c80000,0x00000000d81639f0,0x00000000d8180000)
  to   space 5120K, 0% used [0x00000000d8180000,0x00000000d8180000,0x00000000d8680000)
 ParOldGen       total 87552K, used 16K [0x0000000081400000, 0x0000000086980000, 0x00000000d5c00000)
  object space 87552K, 0% used [0x0000000081400000,0x0000000081404000,0x0000000086980000)
 Metaspace       used 14576K, capacity 15076K, committed 15232K, reserved 1062912K
  class space    used 1798K, capacity 1912K, committed 1920K, reserved 1048576K
Event: 1.774 GC heap after
Heap after GC invocations=2 (full 0):
 PSYoungGen      total 38400K, used 5100K [0x00000000d5c00000, 0x00000000d8680000, 0x0000000100000000)
  eden space 33280K, 0% used [0x00000000d5c00000,0x00000000d5c00000,0x00000000d7c80000)
  from space 5120K, 99% used [0x00000000d8180000,0x00000000d867b108,0x00000000d8680000)
  to   space 5120K, 0% used [0x00000000d7c80000,0x00000000d7c80000,0x00000000d8180000)
 ParOldGen       total 87552K, used 2079K [0x0000000081400000, 0x0000000086980000, 0x00000000d5c00000)
  object space 87552K, 2% used [0x0000000081400000,0x0000000081607f48,0x0000000086980000)
 Metaspace       used 14576K, capacity 15076K, committed 15232K, reserved 1062912K
  class space    used 1798K, capacity 1912K, committed 1920K, reserved 1048576K
}
Event: 1.920 GC heap before
{Heap before GC invocations=3 (full 0):
 PSYoungGen      total 38400K, used 9715K [0x00000000d5c00000, 0x00000000d8680000, 0x0000000100000000)
  eden space 33280K, 13% used [0x00000000d5c00000,0x00000000d6081bb8,0x00000000d7c80000)
  from space 5120K, 99% used [0x00000000d8180000,0x00000000d867b108,0x00000000d8680000)
  to   space 5120K, 0% used [0x00000000d7c80000,0x00000000d7c80000,0x00000000d8180000)
 ParOldGen       total 87552K, used 2079K [0x0000000081400000, 0x0000000086980000, 0x00000000d5c00000)
  object space 87552K, 2% used [0x0000000081400000,0x0000000081607f48,0x0000000086980000)
 Metaspace       used 15054K, capacity 15528K, committed 15616K, reserved 1067008K
  class space    used 1879K, capacity 2004K, committed 2048K, reserved 1048576K
Event: 1.924 GC heap after
Heap after GC invocations=3 (full 0):
 PSYoungGen      total 38400K, used 3346K [0x00000000d5c00000, 0x00000000d8680000, 0x0000000100000000)
  eden space 33280K, 0% used [0x00000000d5c00000,0x00000000d5c00000,0x00000000d7c80000)
  from space 5120K, 65% used [0x00000000d7c80000,0x00000000d7fc4ad8,0x00000000d8180000)
  to   space 5120K, 0% used [0x00000000d8180000,0x00000000d8180000,0x00000000d8680000)
 ParOldGen       total 87552K, used 2087K [0x0000000081400000, 0x0000000086980000, 0x00000000d5c00000)
  object space 87552K, 2% used [0x0000000081400000,0x0000000081609f48,0x0000000086980000)
 Metaspace       used 15054K, capacity 15528K, committed 15616K, reserved 1067008K
  class space    used 1879K, capacity 2004K, committed 2048K, reserved 1048576K
}
Event: 1.924 GC heap before
{Heap before GC invocations=4 (full 1):
 PSYoungGen      total 38400K, used 3346K [0x00000000d5c00000, 0x00000000d8680000, 0x0000000100000000)
  eden space 33280K, 0% used [0x00000000d5c00000,0x00000000d5c00000,0x00000000d7c80000)
  from space 5120K, 65% used [0x00000000d7c80000,0x00000000d7fc4ad8,0x00000000d8180000)
  to   space 5120K, 0% used [0x00000000d8180000,0x00000000d8180000,0x00000000d8680000)
 ParOldGen       total 87552K, used 2087K [0x0000000081400000, 0x0000000086980000, 0x00000000d5c00000)
  object space 87552K, 2% used [0x0000000081400000,0x0000000081609f48,0x0000000086980000)
 Metaspace       used 15054K, capacity 15528K, committed 15616K, reserved 1067008K
  class space    used 1879K, capacity 2004K, committed 2048K, reserved 1048576K
Event: 1.954 GC heap after
Heap after GC invocations=4 (full 1):
 PSYoungGen      total 38400K, used 0K [0x00000000d5c00000, 0x00000000d8680000, 0x0000000100000000)
  eden space 33280K, 0% used [0x00000000d5c00000,0x00000000d5c00000,0x00000000d7c80000)
  from space 5120K, 0% used [0x00000000d7c80000,0x00000000d7c80000,0x00000000d8180000)
  to   space 5120K, 0% used [0x00000000d8180000,0x00000000d8180000,0x00000000d8680000)
 ParOldGen       total 54272K, used 3245K [0x0000000081400000, 0x0000000084900000, 0x00000000d5c00000)
  object space 54272K, 5% used [0x0000000081400000,0x000000008172b5d0,0x0000000084900000)
 Metaspace       used 15052K, capacity 15522K, committed 15616K, reserved 1064960K
  class space    used 1879K, capacity 2003K, committed 2048K, reserved 1048576K
}
Event: 2.781 GC heap before
{Heap before GC invocations=5 (full 1):
 PSYoungGen      total 38400K, used 33271K [0x00000000d5c00000, 0x00000000d8680000, 0x0000000100000000)
  eden space 33280K, 99% used [0x00000000d5c00000,0x00000000d7c7df80,0x00000000d7c80000)
  from space 5120K, 0% used [0x00000000d7c80000,0x00000000d7c80000,0x00000000d8180000)
  to   space 5120K, 0% used [0x00000000d8180000,0x00000000d8180000,0x00000000d8680000)
 ParOldGen       total 54272K, used 3245K [0x0000000081400000, 0x0000000084900000, 0x00000000d5c00000)
  object space 54272K, 5% used [0x0000000081400000,0x000000008172b5d0,0x0000000084900000)
 Metaspace       used 18066K, capacity 18746K, committed 18944K, reserved 1067008K
  class space    used 2295K, capacity 2453K, committed 2560K, reserved 1048576K
Event: 2.788 GC heap after
Heap after GC invocations=5 (full 1):
 PSYoungGen      total 38400K, used 3632K [0x00000000d5c00000, 0x00000000d9780000, 0x0000000100000000)
  eden space 33280K, 0% used [0x00000000d5c00000,0x00000000d5c00000,0x00000000d7c80000)
  from space 5120K, 70% used [0x00000000d8180000,0x00000000d850c398,0x00000000d8680000)
  to   space 5120K, 0% used [0x00000000d7c80000,0x00000000d7c80000,0x00000000d8180000)
 ParOldGen       total 54272K, used 3253K [0x0000000081400000, 0x0000000084900000, 0x00000000d5c00000)
  object space 54272K, 5% used [0x0000000081400000,0x000000008172d5d0,0x0000000084900000)
 Metaspace       used 18066K, capacity 18746K, committed 18944K, reserved 1067008K
  class space    used 2295K, capacity 2453K, committed 2560K, reserved 1048576K
}
Event: 2.948 GC heap before
{Heap before GC invocations=6 (full 1):
 PSYoungGen      total 38400K, used 36912K [0x00000000d5c00000, 0x00000000d9780000, 0x0000000100000000)
  eden space 33280K, 100% used [0x00000000d5c00000,0x00000000d7c80000,0x00000000d7c80000)
  from space 5120K, 70% used [0x00000000d8180000,0x00000000d850c398,0x00000000d8680000)
  to   space 5120K, 0% used [0x00000000d7c80000,0x00000000d7c80000,0x00000000d8180000)
 ParOldGen       total 54272K, used 3253K [0x0000000081400000, 0x0000000084900000, 0x00000000d5c00000)
  object space 54272K, 5% used [0x0000000081400000,0x000000008172d5d0,0x0000000084900000)
 Metaspace       used 18639K, capacity 19340K, committed 19456K, reserved 1067008K
  class space    used 2354K, capacity 2526K, committed 2560K, reserved 1048576K
Event: 2.952 GC heap after
Heap after GC invocations=6 (full 1):
 PSYoungGen      total 38400K, used 2320K [0x00000000d5c00000, 0x00000000d9780000, 0x0000000100000000)
  eden space 33280K, 0% used [0x00000000d5c00000,0x00000000d5c00000,0x00000000d7c80000)
  from space 5120K, 45% used [0x00000000d7c80000,0x00000000d7ec41f0,0x00000000d8180000)
  to   space 5120K, 0% used [0x00000000d8180000,0x00000000d8180000,0x00000000d8680000)
 ParOldGen       total 54272K, used 3253K [0x0000000081400000, 0x0000000084900000, 0x00000000d5c00000)
  object space 54272K, 5% used [0x0000000081400000,0x000000008172d5d0,0x0000000084900000)
 Metaspace       used 18639K, capacity 19340K, committed 19456K, reserved 1067008K
  class space    used 2354K, capacity 2526K, committed 2560K, reserved 1048576K
}

Deoptimization events (10 events):
Event: 1.099 Thread 0x0000000019900000 Uncommon trap: reason=range_check action=make_not_entrant pc=0x0000000002be4f60 method=sun.reflect.generics.parser.SignatureParser.current()C @ 34
Event: 1.823 Thread 0x0000000019900000 Uncommon trap: reason=unstable_if action=reinterpret pc=0x0000000002cca168 method=jdk.internal.org.objectweb.asm.Type.getArgumentsAndReturnSizes(Ljava/lang/String;)I @ 47
Event: 2.053 Thread 0x0000000002863800 Uncommon trap: reason=unstable_if action=reinterpret pc=0x0000000002c573e0 method=java.io.WinNTFileSystem.normalize(Ljava/lang/String;II)Ljava/lang/String; @ 90
Event: 2.065 Thread 0x0000000002863800 Uncommon trap: reason=unstable_if action=reinterpret pc=0x0000000002bf855c method=java.util.HashMap.hash(Ljava/lang/Object;)I @ 1
Event: 2.069 Thread 0x0000000002863800 Uncommon trap: reason=unstable_if action=reinterpret pc=0x0000000002bf1568 method=java.util.HashMap.hash(Ljava/lang/Object;)I @ 1
Event: 2.102 Thread 0x0000000002863800 Uncommon trap: reason=unstable_if action=reinterpret pc=0x0000000002bf1138 method=java.util.HashMap.getNode(ILjava/lang/Object;)Ljava/util/HashMap$Node; @ 129
Event: 2.102 Thread 0x0000000002863800 Uncommon trap: reason=unstable_if action=reinterpret pc=0x0000000002d2a388 method=java.util.HashMap.putVal(ILjava/lang/Object;Ljava/lang/Object;ZZ)Ljava/lang/Object; @ 193
Event: 2.115 Thread 0x0000000002863800 Uncommon trap: reason=unstable_if action=reinterpret pc=0x0000000002d0cad0 method=java.util.HashMap.putVal(ILjava/lang/Object;Ljava/lang/Object;ZZ)Ljava/lang/Object; @ 193
Event: 2.253 Thread 0x0000000002863800 Uncommon trap: reason=unstable_if action=reinterpret pc=0x0000000002d0bb08 method=java.util.concurrent.ConcurrentHashMap.putVal(Ljava/lang/Object;Ljava/lang/Object;Z)Ljava/lang/Object; @ 206
Event: 3.074 Thread 0x0000000002863800 Uncommon trap: reason=bimorphic action=maybe_recompile pc=0x0000000002e2edb4 method=java.util.HashMap.putVal(ILjava/lang/Object;Ljava/lang/Object;ZZ)Ljava/lang/Object; @ 203

Internal exceptions (10 events):
Event: 2.349 Thread 0x0000000002863800 Exception <a 'java/lang/ClassNotFoundException': org/springframework/core/OrderedCustomizer> (0x00000000d6a49348) thrown at [C:\re\workspace\8-2-build-windows-amd64-cygwin\jdk8u111\7883\hotspot\src\share\vm\classfile\systemDictionary.cpp, line 210]
Event: 2.351 Thread 0x0000000002863800 Exception <a 'java/lang/ClassNotFoundException': org/springframework/context/ResourceLoaderAwareCustomizer> (0x00000000d6a5b4c0) thrown at [C:\re\workspace\8-2-build-windows-amd64-cygwin\jdk8u111\7883\hotspot\src\share\vm\classfile\systemDictionary.cpp, l
Event: 2.352 Thread 0x0000000002863800 Exception <a 'java/lang/ClassNotFoundException': org/springframework/beans/factory/AwareCustomizer> (0x00000000d6a6bf98) thrown at [C:\re\workspace\8-2-build-windows-amd64-cygwin\jdk8u111\7883\hotspot\src\share\vm\classfile\systemDictionary.cpp, line 210]
Event: 2.353 Thread 0x0000000002863800 Exception <a 'java/lang/ClassNotFoundException': org/springframework/beans/factory/BeanClassLoaderAwareCustomizer> (0x00000000d6a7edd0) thrown at [C:\re\workspace\8-2-build-windows-amd64-cygwin\jdk8u111\7883\hotspot\src\share\vm\classfile\systemDictionary
Event: 2.355 Thread 0x0000000002863800 Exception <a 'java/lang/ClassNotFoundException': org/springframework/beans/factory/AwareCustomizer> (0x00000000d6a8f948) thrown at [C:\re\workspace\8-2-build-windows-amd64-cygwin\jdk8u111\7883\hotspot\src\share\vm\classfile\systemDictionary.cpp, line 210]
Event: 2.355 Thread 0x0000000002863800 Exception <a 'java/lang/ClassNotFoundException': org/springframework/context/EnvironmentAwareCustomizer> (0x00000000d6aa03d0) thrown at [C:\re\workspace\8-2-build-windows-amd64-cygwin\jdk8u111\7883\hotspot\src\share\vm\classfile\systemDictionary.cpp, line
Event: 2.356 Thread 0x0000000002863800 Exception <a 'java/lang/ClassNotFoundException': org/springframework/beans/factory/AwareCustomizer> (0x00000000d6ab0e18) thrown at [C:\re\workspace\8-2-build-windows-amd64-cygwin\jdk8u111\7883\hotspot\src\share\vm\classfile\systemDictionary.cpp, line 210]
Event: 2.639 Thread 0x0000000002863800 Exception <a 'java/lang/NoSuchMethodError': java.lang.Object.lambda$or$2(Ljava/util/function/Predicate;Ljava/lang/Object;)Z> (0x00000000d6fd4940) thrown at [C:\re\workspace\8-2-build-windows-amd64-cygwin\jdk8u111\7883\hotspot\src\share\vm\interpreter\link
Event: 2.930 Thread 0x0000000002863800 Exception <a 'java/lang/IncompatibleClassChangeError': Found class java.lang.Object, but interface was expected> (0x00000000d7be3880) thrown at [C:\re\workspace\8-2-build-windows-amd64-cygwin\jdk8u111\7883\hotspot\src\share\vm\interpreter\linkResolver.cpp
Event: 3.011 Thread 0x0000000002863800 Exception <a 'java/lang/NoSuchMethodError': java.lang.Object.lambda$getAllAnnotationAttributes$0(Lorg/springframework/util/MultiValueMap;)Lorg/springframework/util/MultiValueMap;> (0x00000000d5e3ab38) thrown at [C:\re\workspace\8-2-build-windows-amd64-cyg

Events (10 events):
Event: 3.089 loading class org/eclipse/jetty/server/Server done
Event: 3.089 loading class org/eclipse/jetty/util/Loader
Event: 3.089 loading class org/eclipse/jetty/util/Loader done
Event: 3.089 loading class org/eclipse/jetty/webapp/WebAppContext
Event: 3.089 loading class org/eclipse/jetty/webapp/WebAppContext done
Event: 3.091 loading class io/undertow/Undertow
Event: 3.091 loading class io/undertow/Undertow done
Event: 3.092 loading class org/xnio/SslClientAuthMode
Event: 3.092 loading class org/xnio/SslClientAuthMode done
Event: 3.092 Thread 0x000000001a748800 Thread added: 0x000000001a748800


Dynamic libraries:
0x00007ff655870000 - 0x00007ff6558a7000 	C:\Program Files\Java\jre1.8.0_111\bin\javaw.exe
0x00007ffd626c0000 - 0x00007ffd628b0000 	C:\WINDOWS\SYSTEM32\ntdll.dll
0x00007ffd61f30000 - 0x00007ffd61fe2000 	C:\WINDOWS\System32\KERNEL32.DLL
0x00007ffd604c0000 - 0x00007ffd60764000 	C:\WINDOWS\System32\KERNELBASE.dll
0x00007ffd62330000 - 0x00007ffd623d3000 	C:\WINDOWS\System32\ADVAPI32.dll
0x00007ffd60c60000 - 0x00007ffd60cfe000 	C:\WINDOWS\System32\msvcrt.dll
0x00007ffd614f0000 - 0x00007ffd61587000 	C:\WINDOWS\System32\sechost.dll
0x00007ffd61640000 - 0x00007ffd61760000 	C:\WINDOWS\System32\RPCRT4.dll
0x00007ffd61350000 - 0x00007ffd614e4000 	C:\WINDOWS\System32\USER32.dll
0x00007ffd60490000 - 0x00007ffd604b1000 	C:\WINDOWS\System32\win32u.dll
0x00007ffd61320000 - 0x00007ffd61346000 	C:\WINDOWS\System32\GDI32.dll
0x00007ffd602f0000 - 0x00007ffd60485000 	C:\WINDOWS\System32\gdi32full.dll
0x00007ffd5f830000 - 0x00007ffd5f8ce000 	C:\WINDOWS\System32\msvcp_win.dll
0x00007ffd5f8d0000 - 0x00007ffd5f9ca000 	C:\WINDOWS\System32\ucrtbase.dll
0x00007ffd4c450000 - 0x00007ffd4c6d4000 	C:\WINDOWS\WinSxS\amd64_microsoft.windows.common-controls_6595b64144ccf1df_6.0.18362.900_none_e6beb9d913147d17\COMCTL32.dll
0x00007ffd60910000 - 0x00007ffd60c45000 	C:\WINDOWS\System32\combase.dll
0x00007ffd5f700000 - 0x00007ffd5f780000 	C:\WINDOWS\System32\bcryptPrimitives.dll
0x00007ffd61ff0000 - 0x00007ffd6201e000 	C:\WINDOWS\System32\IMM32.DLL
0x0000000058ad0000 - 0x0000000058ba2000 	C:\Program Files\Java\jre1.8.0_111\bin\msvcr100.dll
0x00000000599c0000 - 0x000000005a25a000 	C:\Program Files\Java\jre1.8.0_111\bin\server\jvm.dll
0x00007ffd62510000 - 0x00007ffd62518000 	C:\WINDOWS\System32\PSAPI.DLL
0x00007ffd46680000 - 0x00007ffd46689000 	C:\WINDOWS\SYSTEM32\WSOCK32.dll
0x00007ffd56b20000 - 0x00007ffd56b2a000 	C:\WINDOWS\SYSTEM32\VERSION.dll
0x00007ffd5c230000 - 0x00007ffd5c254000 	C:\WINDOWS\SYSTEM32\WINMM.dll
0x00007ffd61ec0000 - 0x00007ffd61f2f000 	C:\WINDOWS\System32\WS2_32.dll
0x00007ffd5c200000 - 0x00007ffd5c22d000 	C:\WINDOWS\SYSTEM32\WINMMBASE.dll
0x00007ffd5fb20000 - 0x00007ffd5fb6a000 	C:\WINDOWS\System32\cfgmgr32.dll
0x000000005ac40000 - 0x000000005ac4f000 	C:\Program Files\Java\jre1.8.0_111\bin\verify.dll
0x0000000059990000 - 0x00000000599b9000 	C:\Program Files\Java\jre1.8.0_111\bin\java.dll
0x0000000059970000 - 0x0000000059986000 	C:\Program Files\Java\jre1.8.0_111\bin\zip.dll
0x00007ffd617d0000 - 0x00007ffd61eb6000 	C:\WINDOWS\System32\SHELL32.dll
0x00007ffd60850000 - 0x00007ffd608f9000 	C:\WINDOWS\System32\shcore.dll
0x00007ffd5fb70000 - 0x00007ffd602f0000 	C:\WINDOWS\System32\windows.storage.dll
0x00007ffd5f5b0000 - 0x00007ffd5f5d3000 	C:\WINDOWS\System32\profapi.dll
0x00007ffd5f5e0000 - 0x00007ffd5f62a000 	C:\WINDOWS\System32\powrprof.dll
0x00007ffd5f580000 - 0x00007ffd5f590000 	C:\WINDOWS\System32\UMPDC.dll
0x00007ffd607f0000 - 0x00007ffd60842000 	C:\WINDOWS\System32\shlwapi.dll
0x00007ffd5f590000 - 0x00007ffd5f5a1000 	C:\WINDOWS\System32\kernel.appcore.dll
0x00007ffd5f650000 - 0x00007ffd5f667000 	C:\WINDOWS\System32\cryptsp.dll
0x0000000058f60000 - 0x0000000058f6d000 	C:\Program Files\Java\jre1.8.0_111\bin\management.dll
0x0000000059950000 - 0x000000005996a000 	C:\Program Files\Java\jre1.8.0_111\bin\net.dll
0x00007ffd5edf0000 - 0x00007ffd5ee57000 	C:\WINDOWS\system32\mswsock.dll
0x00007ffd32820000 - 0x00007ffd32836000 	C:\WINDOWS\system32\napinsp.dll
0x00007ffd32280000 - 0x00007ffd3229a000 	C:\WINDOWS\system32\pnrpnsp.dll
0x00007ffd5eba0000 - 0x00007ffd5ec6b000 	C:\WINDOWS\SYSTEM32\DNSAPI.dll
0x00007ffd60900000 - 0x00007ffd60908000 	C:\WINDOWS\System32\NSI.dll
0x00007ffd5eb00000 - 0x00007ffd5eb3a000 	C:\WINDOWS\SYSTEM32\IPHLPAPI.DLL
0x00007ffd44ed0000 - 0x00007ffd44ede000 	C:\WINDOWS\System32\winrnr.dll
0x00007ffd5bdb0000 - 0x00007ffd5bdcc000 	C:\WINDOWS\system32\NLAapi.dll
0x00007ffd42a30000 - 0x00007ffd42a45000 	C:\WINDOWS\system32\wshbth.dll
0x00007ffd4fee0000 - 0x00007ffd4feea000 	C:\Windows\System32\rasadhlp.dll
0x00007ffd56a20000 - 0x00007ffd56a97000 	C:\WINDOWS\System32\fwpuclnt.dll
0x00007ffd5f670000 - 0x00007ffd5f696000 	C:\WINDOWS\System32\bcrypt.dll
0x0000000059930000 - 0x0000000059941000 	C:\Program Files\Java\jre1.8.0_111\bin\nio.dll
0x00007ffd4f730000 - 0x00007ffd4f924000 	C:\WINDOWS\SYSTEM32\dbghelp.dll

VM Arguments:
jvm_args: -Dfile.encoding=UTF-8 
java_command: com.comercial.acat.AcatApplication
java_class_path (initial): C:\Users\ktr3s\git\acatbackend\acat\target\classes;C:\Users\ktr3s\.m2\repository\org\springframework\boot\spring-boot-starter-data-jpa\2.3.1.RELEASE\spring-boot-starter-data-jpa-2.3.1.RELEASE.jar;C:\Users\ktr3s\.m2\repository\org\springframework\boot\spring-boot-starter-aop\2.3.1.RELEASE\spring-boot-starter-aop-2.3.1.RELEASE.jar;C:\Users\ktr3s\.m2\repository\org\springframework\spring-aop\5.2.7.RELEASE\spring-aop-5.2.7.RELEASE.jar;C:\Users\ktr3s\.m2\repository\org\aspectj\aspectjweaver\1.9.5\aspectjweaver-1.9.5.jar;C:\Users\ktr3s\.m2\repository\org\springframework\boot\spring-boot-starter-jdbc\2.3.1.RELEASE\spring-boot-starter-jdbc-2.3.1.RELEASE.jar;C:\Users\ktr3s\.m2\repository\com\zaxxer\HikariCP\3.4.5\HikariCP-3.4.5.jar;C:\Users\ktr3s\.m2\repository\org\springframework\spring-jdbc\5.2.7.RELEASE\spring-jdbc-5.2.7.RELEASE.jar;C:\Users\ktr3s\.m2\repository\jakarta\transaction\jakarta.transaction-api\1.3.3\jakarta.transaction-api-1.3.3.jar;C:\Users\ktr3s\.m2\repository\jakarta\persistence\jakarta.persistence-api\2.2.3\jakarta.persistence-api-2.2.3.jar;C:\Users\ktr3s\.m2\repository\org\hibernate\hibernate-core\5.4.17.Final\hibernate-core-5.4.17.Final.jar;C:\Users\ktr3s\.m2\repository\org\jboss\logging\jboss-logging\3.4.1.Final\jboss-logging-3.4.1.Final.jar;C:\Users\ktr3s\.m2\repository\org\javassist\javassist\3.24.0-GA\javassist-3.24.0-GA.jar;C:\Users\ktr3s\.m2\repository\net\bytebuddy\byte-buddy\1.10.11\byte-buddy-1.10.11.jar;C:\Users\ktr3s\.m2\repository\antlr\antlr\2.7.7\antlr-2.7.7.jar;C:\Users\ktr3s\.m2\repository\org\jboss\jandex\2.1.3.Final\jandex-2.1.3.Final.jar;C:\Users\ktr3s\.m2\repository\com\fasterxml\classmate\1.5.1\classmate-1.5.1.jar;C:\Users\ktr3s\.m2\repository\org\dom4j\dom4j\2.1.3\dom4j-2.1.3.jar;C:\Users\ktr3s\.m2\repository\org\hibernate\common\hibernate-commons-annotations\5.1.0.Final\hibernate-commons-annotations-5.1.0.Final.jar;C:\Users\ktr3s\.m2\repository\org\glassfish\jaxb\jaxb-runtime\2.3.3\jaxb-runtime-2.3.3.ja
Launcher Type: SUN_STANDARD

Environment Variables:
PATH=C:/Program Files/Java/jre1.8.0_111/bin/server;C:/Program Files/Java/jre1.8.0_111/bin;C:/Program Files/Java/jre1.8.0_111/lib/amd64;C:\Program Files\Broadcom\Broadcom 802.11 Network Adapter;;;C:\Python27\;C:\Python27\Scripts;C:\ProgramData\Oracle\Java\javapath;C:\WINDOWS\system32;C:\WINDOWS;C:\WINDOWS\System32\Wbem;C:\WINDOWS\System32\WindowsPowerShell\v1.0\;C:\WINDOWS\System32\OpenSSH\;C:\Program Files\PuTTY\;C:\ProgramData\chocolatey\bin;C:\Users\ktr3s\AppData\Local\Microsoft\WindowsApps;C:\Program Files (x86)\SSH Communications Security\SSH Secure Shell;C:\Users\ktr3s\AppData\Roaming\npm;C:\adb;C:\Program Files\Git\cmd;C:\Program Files\nodejs\;C:\Users\ktr3s\AppData\Local\Microsoft\WindowsApps;;C:\Program Files (x86)\SSH Communications Security\SSH Secure Shell;C:\Users\ktr3s\AppData\Local\Programs\Microsoft VS Code\bin;C:\Users\ktr3s\AppData\Roaming\npm;C:\Users\ktr3s\OneDrive\Escritorio;
USERNAME=ktr3s
OS=Windows_NT
PROCESSOR_IDENTIFIER=Intel64 Family 6 Model 61 Stepping 4, GenuineIntel



---------------  S Y S T E M  ---------------

OS: Windows 10.0 , 64 bit Build 18362 (10.0.18362.900)

CPU:total 4 (2 cores per cpu, 2 threads per core) family 6 model 61 stepping 4, cmov, cx8, fxsr, mmx, sse, sse2, sse3, ssse3, sse4.1, sse4.2, popcnt, avx, avx2, aes, clmul, erms, 3dnowpref, lzcnt, ht, tsc, tscinvbit, bmi1, bmi2, adx

Memory: 4k page, physical 8300688k(560436k free), swap 12210320k(1488k free)

vm_info: Java HotSpot(TM) 64-Bit Server VM (25.111-b14) for windows-amd64 JRE (1.8.0_111-b14), built on Sep 22 2016 19:24:05 by "java_re" with MS VC++ 10.0 (VS2010)

time: Tue Jul 14 21:11:05 2020
elapsed time: 3 seconds (0d 0h 0m 3s)

